proguard/seeds.txt
org.vamosjuntos.juntos.AboutUsContact
org.vamosjuntos.juntos.AboutUsContact: AboutUsContact()
org.vamosjuntos.juntos.AboutUsHistory
org.vamosjuntos.juntos.AboutUsHistory: AboutUsHistory()
org.vamosjuntos.juntos.AboutUsLike
org.vamosjuntos.juntos.AboutUsLike: AboutUsLike()
org.vamosjuntos.juntos.AboutUsLike: void onFacebookClick(android.view.View)
org.vamosjuntos.juntos.AboutUsLike: void onTwitterClick(android.view.View)
org.vamosjuntos.juntos.AboutUsLike: void onGplusClick(android.view.View)
org.vamosjuntos.juntos.AboutUsLike: void onYoutubeClick(android.view.View)
org.vamosjuntos.juntos.AboutUsLike: void onFlickrClick(android.view.View)
org.vamosjuntos.juntos.AboutUsLike: void onRssClick(android.view.View)
org.vamosjuntos.juntos.AboutUsMission
org.vamosjuntos.juntos.AboutUsMission: AboutUsMission()
org.vamosjuntos.juntos.AboutUsTab
org.vamosjuntos.juntos.AboutUsTab: AboutUsTab()
org.vamosjuntos.juntos.AbuseActivity
org.vamosjuntos.juntos.AbuseActivity: AbuseActivity()
org.vamosjuntos.juntos.AudioRecord
org.vamosjuntos.juntos.AudioRecord: AudioRecord()
org.vamosjuntos.juntos.AudioRecord: void handlePlayButton(android.view.View)
org.vamosjuntos.juntos.AudioRecord: void handleRecordButton(android.view.View)
org.vamosjuntos.juntos.AudioRecord: void submitAudio(android.view.View)
org.vamosjuntos.juntos.BootReceiver
org.vamosjuntos.juntos.BootReceiver: BootReceiver()
org.vamosjuntos.juntos.ButtonWidget
org.vamosjuntos.juntos.ButtonWidget: ButtonWidget()
org.vamosjuntos.juntos.ButtonbarFragment
org.vamosjuntos.juntos.ButtonbarFragment: ButtonbarFragment()
org.vamosjuntos.juntos.CalendarExplore
org.vamosjuntos.juntos.CalendarExplore: CalendarExplore()
org.vamosjuntos.juntos.DashboardLayout
org.vamosjuntos.juntos.DashboardLayout: DashboardLayout(android.content.Context)
org.vamosjuntos.juntos.DashboardLayout: DashboardLayout(android.content.Context,android.util.AttributeSet)
org.vamosjuntos.juntos.DashboardLayout: DashboardLayout(android.content.Context,android.util.AttributeSet,int)
org.vamosjuntos.juntos.DisplayEvent
org.vamosjuntos.juntos.DisplayEvent: DisplayEvent()
org.vamosjuntos.juntos.DocumentAbuse
org.vamosjuntos.juntos.DocumentAbuse: DocumentAbuse()
org.vamosjuntos.juntos.EventContentProvider
org.vamosjuntos.juntos.EventContentProvider: EventContentProvider()
org.vamosjuntos.juntos.FirstLaunchActivity
org.vamosjuntos.juntos.FirstLaunchActivity: FirstLaunchActivity()
org.vamosjuntos.juntos.Home
org.vamosjuntos.juntos.Home: Home()
org.vamosjuntos.juntos.MyCalendar
org.vamosjuntos.juntos.MyCalendar: MyCalendar()
org.vamosjuntos.juntos.NotificationService
org.vamosjuntos.juntos.NotificationService: NotificationService()
org.vamosjuntos.juntos.Preference
org.vamosjuntos.juntos.Preference: Preference()
org.vamosjuntos.juntos.PreferencesActivity
org.vamosjuntos.juntos.PreferencesActivity: PreferencesActivity()
org.vamosjuntos.juntos.R$array: int action_list
org.vamosjuntos.juntos.R$array: int events_per_page_array
org.vamosjuntos.juntos.R$array: int preferred_language
org.vamosjuntos.juntos.R$array: int preferred_language_values
org.vamosjuntos.juntos.R$array: int report_text_typelist
org.vamosjuntos.juntos.R$array: int update_events_interval
org.vamosjuntos.juntos.R$array: int update_events_interval_values
...
com.google.gdata.data.contacts.Priority$Rel: com.google.gdata.data.contacts.Priority$Rel[] values()
com.google.gdata.data.contacts.Priority$Rel: com.google.gdata.data.contacts.Priority$Rel valueOf(java.lang.String)
com.google.gdata.data.contacts.Relation$Rel: com.google.gdata.data.contacts.Relation$Rel[] values()
com.google.gdata.data.contacts.Relation$Rel: com.google.gdata.data.contacts.Relation$Rel valueOf(java.lang.String)
com.google.gdata.data.contacts.Sensitivity$Rel: com.google.gdata.data.contacts.Sensitivity$Rel[] values()
com.google.gdata.data.contacts.Sensitivity$Rel: com.google.gdata.data.contacts.Sensitivity$Rel valueOf(java.lang.String)
com.google.gdata.data.contacts.Website$Rel: com.google.gdata.data.contacts.Website$Rel[] values()
com.google.gdata.data.contacts.Website$Rel: com.google.gdata.data.contacts.Website$Rel valueOf(java.lang.String)
com.google.gdata.data.docs.ArchiveNotifyStatus$Value: com.google.gdata.data.docs.ArchiveNotifyStatus$Value[] values()
com.google.gdata.data.docs.ArchiveNotifyStatus$Value: com.google.gdata.data.docs.ArchiveNotifyStatus$Value valueOf(java.lang.String)
com.google.gdata.data.docs.ArchiveStatus$Value: com.google.gdata.data.docs.ArchiveStatus$Value[] values()
com.google.gdata.data.docs.ArchiveStatus$Value: com.google.gdata.data.docs.ArchiveStatus$Value valueOf(java.lang.String)
com.google.gdata.data.docs.DocumentListEntry$MediaType: com.google.gdata.data.docs.DocumentListEntry$MediaType[] values()
com.google.gdata.data.docs.DocumentListEntry$MediaType: com.google.gdata.data.docs.DocumentListEntry$MediaType valueOf(java.lang.String)
com.google.gdata.data.docs.ExportFormat$Source: com.google.gdata.data.docs.ExportFormat$Source[] values()
com.google.gdata.data.docs.ExportFormat$Source: com.google.gdata.data.docs.ExportFormat$Source valueOf(java.lang.String)
com.google.gdata.data.docs.ExportStatus$Value: com.google.gdata.data.docs.ExportStatus$Value[] values()
com.google.gdata.data.docs.ExportStatus$Value: com.google.gdata.data.docs.ExportStatus$Value valueOf(java.lang.String)
com.google.gdata.data.docs.ImportFormat$Target: com.google.gdata.data.docs.ImportFormat$Target[] values()
com.google.gdata.data.docs.ImportFormat$Target: com.google.gdata.data.docs.ImportFormat$Target valueOf(java.lang.String)
com.google.gdata.data.docs.QueryParameter$Type: com.google.gdata.data.docs.QueryParameter$Type[] values()
com.google.gdata.data.docs.QueryParameter$Type: com.google.gdata.data.docs.QueryParameter$Type valueOf(java.lang.String)
com.google.gdata.data.extensions.Reminder$Method: com.google.gdata.data.extensions.Reminder$Method[] values()
com.google.gdata.data.extensions.Reminder$Method: com.google.gdata.data.extensions.Reminder$Method valueOf(java.lang.String)
com.google.gdata.data.gtt.DocumentSource$Type: com.google.gdata.data.gtt.DocumentSource$Type[] values()
com.google.gdata.data.gtt.DocumentSource$Type: com.google.gdata.data.gtt.DocumentSource$Type valueOf(java.lang.String)
com.google.gdata.data.gtt.ScopeEntry$Value: com.google.gdata.data.gtt.ScopeEntry$Value[] values()
com.google.gdata.data.gtt.ScopeEntry$Value: com.google.gdata.data.gtt.ScopeEntry$Value valueOf(java.lang.String)
com.google.gdata.data.health.HealthNamespace$CategoryScheme: com.google.gdata.data.health.HealthNamespace$CategoryScheme[] values()
com.google.gdata.data.health.HealthNamespace$CategoryScheme: com.google.gdata.data.health.HealthNamespace$CategoryScheme valueOf(java.lang.String)
com.google.gdata.data.media.mediarss.MediaContent$Expression: com.google.gdata.data.media.mediarss.MediaContent$Expression[] values()
com.google.gdata.data.media.mediarss.MediaContent$Expression: com.google.gdata.data.media.mediarss.MediaContent$Expression valueOf(java.lang.String)