proguard/mapping.txt
org.vamosjuntos.juntos.AboutUsContact -> org.vamosjuntos.juntos.AboutUsContact:
    android.widget.ArrayAdapter adapter -> a
    java.util.ArrayList arr -> b
    android.os.Handler handler -> c
    android.widget.ListView lv -> d
    int numContacts -> e
    void onCreate(android.os.Bundle) -> onCreate
    void onResume() -> onResume
    void refreshContacts() -> a
    boolean onCreateOptionsMenu(android.view.Menu) -> onCreateOptionsMenu
    boolean onOptionsItemSelected(android.view.MenuItem) -> onOptionsItemSelected
    void onCreateContextMenu(android.view.ContextMenu,android.view.View,android.view.ContextMenu$ContextMenuInfo) -> onCreateContextMenu
    boolean onContextItemSelected(android.view.MenuItem) -> onContextItemSelected
    void sendViaEmail(java.lang.String) -> a
    android.content.Intent createEmailOnlyChooserIntent(android.content.Intent,java.lang.CharSequence) -> a
    void onItemSelected() -> b
org.vamosjuntos.juntos.AboutUsContact$1 -> org.vamosjuntos.juntos.a:
    org.vamosjuntos.juntos.AboutUsContact this$0 -> a
    android.view.View getView(int,android.view.View,android.view.ViewGroup) -> getView
org.vamosjuntos.juntos.AboutUsContact$2 -> org.vamosjuntos.juntos.b:
    org.vamosjuntos.juntos.AboutUsContact this$0 -> a
    void onItemClick(android.widget.AdapterView,android.view.View,int,long) -> onItemClick
org.vamosjuntos.juntos.AboutUsHistory -> org.vamosjuntos.juntos.AboutUsHistory:
    java.lang.String TAG -> c
    java.lang.String history_txt -> d
    java.lang.String history_title -> e
    android.os.Handler handler -> f
    android.widget.TextView historyTextTitle -> a
    android.widget.TextView historyTextContext -> b
    void onCreate(android.os.Bundle) -> onCreate
    void onResume() -> onResume
    void refreshHistoryInfo() -> a
    boolean onCreateOptionsMenu(android.view.Menu) -> onCreateOptionsMenu
    boolean onOptionsItemSelected(android.view.MenuItem) -> onOptionsItemSelected
    java.lang.String access$0(org.vamosjuntos.juntos.AboutUsHistory) -> a
    java.lang.String access$1(org.vamosjuntos.juntos.AboutUsHistory) -> b
org.vamosjuntos.juntos.AboutUsHistory$1 -> org.vamosjuntos.juntos.c:
    org.vamosjuntos.juntos.AboutUsHistory this$0 -> a
    void run() -> run
org.vamosjuntos.juntos.AboutUsHistory$2 -> org.vamosjuntos.juntos.d:
    org.vamosjuntos.juntos.AboutUsHistory this$0 -> a
    void run() -> run
org.vamosjuntos.juntos.AboutUsHistory$3 -> org.vamosjuntos.juntos.e:
    org.vamosjuntos.juntos.AboutUsHistory this$0 -> a
    void run() -> run
org.vamosjuntos.juntos.AboutUsHistory$4 -> org.vamosjuntos.juntos.f:
    org.vamosjuntos.juntos.AboutUsHistory this$0 -> a
    void run() -> run
org.vamosjuntos.juntos.AboutUsLike -> org.vamosjuntos.juntos.AboutUsLike:
    void onCreate(android.os.Bundle) -> onCreate
    void onResume() -> onResume
    void onFacebookClick(android.view.View) -> onFacebookClick
    void onTwitterClick(android.view.View) -> onTwitterClick
    void onGplusClick(android.view.View) -> onGplusClick
    void onYoutubeClick(android.view.View) -> onYoutubeClick
    void onFlickrClick(android.view.View) -> onFlickrClick
    void onRssClick(android.view.View) -> onRssClick
...
com.google.gdata.util.ServiceExceptionInitializer$SendReportHandler -> com.google.c.d.ai:
    com.google.gdata.util.ServiceExceptionInitializer this$0 -> a
    void processEndElement() -> a
com.google.gdata.util.ServiceForbiddenException -> com.google.c.d.aj:
    void initResponseCode() -> a
com.google.gdata.util.Version -> com.google.c.d.ak:
    java.lang.Class serviceClass -> a
    int major -> b
    int minor -> c
    java.util.List impliedVersions -> d
    java.util.regex.Pattern VERSION_PROPERTY_PATTERN -> e
    com.google.gdata.util.Version findServiceVersion(java.util.Collection,java.lang.Class) -> a
    java.lang.Class getServiceClass() -> a
    int getMajor() -> b
    int getMinor() -> c
    java.lang.String getVersionString() -> d
    boolean isSameService(com.google.gdata.util.Version) -> a
    boolean isCompatible(com.google.gdata.util.Version) -> b
    int raiseAny(int) -> a
    boolean isAfter(com.google.gdata.util.Version) -> c
    boolean isBefore(com.google.gdata.util.Version) -> d
    java.util.List getImpliedVersions() -> e
    void computeImpliedVersions(com.google.gdata.util.Version[]) -> a
    void addImpliedVersion(com.google.gdata.util.Version) -> e
    boolean equals(java.lang.Object) -> equals
    int hashCode() -> hashCode
    java.lang.String toString() -> toString
com.google.gdata.util.VersionConflictException -> com.google.c.d.al:
    com.google.gdata.data.IEntry currentEntry -> g
com.google.gdata.util.VersionRegistry -> com.google.c.d.am:
    com.google.gdata.util.VersionRegistry versionRegistry -> a
    java.lang.ThreadLocal threadVersions -> b
    java.util.List defaultVersions -> c
    com.google.gdata.util.VersionRegistry ensureRegistry() -> a
    com.google.gdata.util.VersionRegistry get() -> b
    com.google.gdata.util.Version getVersionFromProperty(java.lang.Class) -> a
    void mergeVersions(java.util.List,java.util.List) -> a
    void mergeVersions(java.util.List,com.google.gdata.util.Version) -> a
    java.util.List getDefaultVersions() -> c
    void addDefaultVersion(com.google.gdata.util.Version,boolean) -> a
    void setThreadVersion(com.google.gdata.util.Version) -> a
    java.util.List getThreadVersions() -> d
    void resetThreadVersion() -> e
    com.google.gdata.util.Version getVersion(java.lang.Class) -> b
com.google.gdata.util.XmlBlob -> com.google.c.d.an:
    java.lang.String lang -> a
    java.lang.String base -> b
    java.util.LinkedList namespaces -> c
    java.lang.String blob -> d
    java.lang.String fullText -> e
    boolean $assertionsDisabled -> f
    java.lang.String getLang() -> a
    void setLang(java.lang.String) -> a
    java.lang.String getBase() -> b
    void setBase(java.lang.String) -> b
    java.util.List getNamespaces() -> c
    java.lang.String getBlob() -> d
    void setBlob(java.lang.String) -> c
    void setFullText(java.lang.String) -> d
    void startElement(com.google.gdata.util.common.xml.XmlWriter,com.google.gdata.util.common.xml.XmlNamespace,java.lang.String,com.google.gdata.util.XmlBlob,java.util.Collection,java.util.Collection) -> a
    void endElement(com.google.gdata.util.common.xml.XmlWriter,com.google.gdata.util.common.xml.XmlNamespace,java.lang.String,com.google.gdata.util.XmlBlob) -> a