proguard/usage.txt
org.vamosjuntos.juntos.AboutUsContact:
    public static final java.lang.String TAG
    org.vamosjuntos.juntos.Contact c
    private static final int CONTEXT_EMAIL
    private static final int SHOW_PREFERENCES
org.vamosjuntos.juntos.AboutUsHistory:
    private static final int SHOW_PREFERENCES
org.vamosjuntos.juntos.AboutUsLike:
    private static final int SHOW_PREFERENCES
    private static final java.lang.String TAG
org.vamosjuntos.juntos.AboutUsMission:
    private static final int SHOW_PREFERENCES
    private static final java.lang.String TAG
org.vamosjuntos.juntos.AsyncLoadCalendars:
    public static final java.lang.String UPDATE_VERSION
org.vamosjuntos.juntos.AudioRecord:
    public static final java.lang.String NUM_AUDIO_RECORD
    public static final java.lang.String AUDIO_PATH
    private static final java.lang.String LOG_TAG
org.vamosjuntos.juntos.BuildConfig
org.vamosjuntos.juntos.CalendarExplore:
    private static final java.lang.String PREF_ACCOUNT_NAME
    static final java.lang.String TAG
    private static final int CONTEXT_ADD_TO_LOCAL
    private static final int CONTEXT_SHARE
    static final int REQUEST_GOOGLE_PLAY_SERVICES
    static final int REQUEST_AUTHORIZATION
    static final int REQUEST_ACCOUNT_PICKER
    private static final int ADD_OR_EDIT_CALENDAR_REQUEST
    public static final java.lang.String JUNTOS_ACCOUNT
    private static final int USER_PREFERENCES
    private static final int FIRST_LAUNCH_USERINFO
    public static final java.lang.String FIRST_LAUNCH
    org.vamosjuntos.juntos.MySpreadsheetIntegration spreadsheet
org.vamosjuntos.juntos.CalendarInfo:
    static final java.lang.String FIELDS
    static final java.lang.String FEED_FIELDS
    39:46:CalendarInfo(java.lang.String,java.lang.String,java.lang.String,java.lang.String,com.google.api.services.calendar.model.EventDateTime,com.google.api.services.calendar.model.EventDateTime)
org.vamosjuntos.juntos.CalendarModel:
    37:37:int size()
    43:46:void remove(java.lang.String)
org.vamosjuntos.juntos.DashboardLayout:
    private static final int UNEVEN_GRID_PENALTY_MULTIPLIER
org.vamosjuntos.juntos.DocumentAbuse:
    public static final int REPORT_CAMERA
    public static final int REPORT_TEXT
    public static final int REPORT_AUDIO
    public static final java.lang.String REPORT_TYPE
org.vamosjuntos.juntos.EventContentProvider:
    public static final java.lang.String KEY_ID
    public static final java.lang.String KEY_SUMMARY
    public static final java.lang.String KEY_DESCRIPTION
    public static final java.lang.String KEY_LOCATION
    public static final java.lang.String KEY_START_TIME
    public static final java.lang.String KEY_END_TIME
    public static final java.lang.String KEY_STATUS
    private static final int ALLROWS
    private static final int SINGLE_ROW
org.vamosjuntos.juntos.EventContentProvider$MySQLiteOpenHelper:
    private static final java.lang.String DATABASE_NAME
    private static final int DATABASE_VERSION
    private static final java.lang.String DATABASE_TABLE
    private static final java.lang.String DATABASE_CREATE
org.vamosjuntos.juntos.FirstLaunchActivity:
    private static final int NETWORK_CONNECTION
org.vamosjuntos.juntos.Home:
    public static final int SHOW_PREFERENCES
org.vamosjuntos.juntos.MySpreadsheetIntegration:
    private static final java.lang.String USERNAME
    private static final java.lang.String PASSWORD
    private static final java.lang.String FIRSTNAME
    private static final java.lang.String LASTNAME
    private static final java.lang.String EMAIL
    private static final java.lang.String PHONE
    private static final java.lang.String SPREADSHEETNAME
    private static final java.lang.String WORKSHEETNAME
...
com.google.gson.internal.bind.TypeAdapters$24
com.google.gson.internal.bind.TypeAdapters$25
com.google.gson.internal.bind.TypeAdapters$26
com.google.gson.internal.bind.TypeAdapters$27
com.google.gson.internal.bind.TypeAdapters$28
com.google.gson.internal.bind.TypeAdapters$29
com.google.gson.internal.bind.TypeAdapters$3
com.google.gson.internal.bind.TypeAdapters$30
com.google.gson.internal.bind.TypeAdapters$4
com.google.gson.internal.bind.TypeAdapters$5
com.google.gson.internal.bind.TypeAdapters$6
com.google.gson.internal.bind.TypeAdapters$7
com.google.gson.internal.bind.TypeAdapters$8
com.google.gson.internal.bind.TypeAdapters$9
com.google.gson.internal.bind.TypeAdapters$EnumTypeAdapter
com.google.gson.reflect.TypeToken
com.google.gson.stream.JsonReader:
    private static final java.lang.String TRUE
    private static final java.lang.String FALSE
    298:298:public final boolean isLenient()
    349:350:public boolean hasNext()
    519:537:public double nextDouble()
    551:575:public long nextLong()
    589:613:public int nextInt()
    190:190:static synthetic com.google.gson.stream.JsonToken access$000(com.google.gson.stream.JsonReader)
    190:190:static synthetic int access$100(com.google.gson.stream.JsonReader)
    190:190:static synthetic int access$200(com.google.gson.stream.JsonReader)
    190:190:static synthetic java.lang.String access$302(com.google.gson.stream.JsonReader,java.lang.String)
    190:190:static synthetic java.lang.String access$400(com.google.gson.stream.JsonReader)
    190:190:static synthetic java.lang.String access$402(com.google.gson.stream.JsonReader,java.lang.String)
    190:190:static synthetic com.google.gson.stream.JsonToken access$002(com.google.gson.stream.JsonReader,com.google.gson.stream.JsonToken)
com.google.gson.stream.JsonReader$1:
    1314:1326:public void promoteNameToValue(com.google.gson.stream.JsonReader)
com.google.gson.stream.JsonWriter:
    202:202:public boolean isLenient()
    213:214:public final void setHtmlSafe(boolean)
    221:221:public final boolean isHtmlSafe()
    229:230:public final void setSerializeNulls(boolean)
    237:237:public final boolean getSerializeNulls()
com.google.gson.stream.MalformedJsonException:
    private static final long serialVersionUID
    33:37:public MalformedJsonException(java.lang.String,java.lang.Throwable)
    39:43:public MalformedJsonException(java.lang.Throwable)
com.google.protobuf.AbstractMessage
com.google.protobuf.AbstractMessage$1
com.google.protobuf.AbstractMessage$Builder
com.google.protobuf.AbstractMessageLite
com.google.protobuf.AbstractMessageLite$Builder
com.google.protobuf.AbstractMessageLite$Builder$LimitedInputStream
com.google.protobuf.BlockingRpcChannel
com.google.protobuf.BlockingService
com.google.protobuf.ByteString
com.google.protobuf.ByteString$1
com.google.protobuf.ByteString$CodedBuilder
com.google.protobuf.ByteString$Output
com.google.protobuf.CodedInputStream
com.google.protobuf.CodedOutputStream
com.google.protobuf.CodedOutputStream$OutOfSpaceException
com.google.protobuf.DescriptorProtos
com.google.protobuf.DescriptorProtos$1
com.google.protobuf.DescriptorProtos$DescriptorProto
com.google.protobuf.DescriptorProtos$DescriptorProto$Builder
com.google.protobuf.DescriptorProtos$DescriptorProto$ExtensionRange
com.google.protobuf.DescriptorProtos$DescriptorProto$ExtensionRange$Builder
com.google.protobuf.DescriptorProtos$DescriptorProto$ExtensionRangeOrBuilder
com.google.protobuf.DescriptorProtos$DescriptorProtoOrBuilder
com.google.protobuf.DescriptorProtos$EnumDescriptorProto
com.google.protobuf.DescriptorProtos$EnumDescriptorProto$Builder
com.google.protobuf.DescriptorProtos$EnumDescriptorProtoOrBuilder
com.google.protobuf.DescriptorProtos$EnumOptions
com.google.protobuf.DescriptorProtos$EnumOptions$Builder
com.google.protobuf.DescriptorProtos$EnumOptionsOrBuilder
com.google.protobuf.DescriptorProtos$EnumValueDescriptorProto
com.google.protobuf.DescriptorProtos$EnumValueDescriptorProto$Builder